<?xml version="1.0" encoding="UTF-8"?>
<testng-results ignored="0" total="6" passed="6" failed="0" skipped="0">
  <reporter-output>
  </reporter-output>
  <suite started-at="2024-06-16T18:21:26 IST" name="Default suite" finished-at="2024-06-16T18:22:16 IST" duration-ms="50008">
    <groups>
    </groups>
    <test started-at="2024-06-16T18:21:26 IST" name="Default test" finished-at="2024-06-16T18:22:16 IST" duration-ms="50008">
      <class name="com.CapstoneProject.CapstoneProject.search">
        <test-method is-config="true" signature="setup()[pri:0, instance:com.CapstoneProject.CapstoneProject.search@6b0d80ed]" started-at="2024-06-16T18:21:26 IST" name="setup" finished-at="2024-06-16T18:21:28 IST" duration-ms="2206" status="PASS">
          <reporter-output>
          </reporter-output>
        </test-method> <!-- setup -->
        <test-method is-config="true" signature="beforeMethod()[pri:0, instance:com.CapstoneProject.CapstoneProject.search@6b0d80ed]" started-at="2024-06-16T18:21:28 IST" name="beforeMethod" finished-at="2024-06-16T18:21:28 IST" duration-ms="8" status="PASS">
          <reporter-output>
          </reporter-output>
        </test-method> <!-- beforeMethod -->
        <test-method signature="findsearchbox()[pri:0, instance:com.CapstoneProject.CapstoneProject.search@6b0d80ed]" started-at="2024-06-16T18:21:28 IST" name="findsearchbox" finished-at="2024-06-16T18:21:34 IST" duration-ms="5573" status="PASS">
          <reporter-output>
          </reporter-output>
        </test-method> <!-- findsearchbox -->
        <test-method is-config="true" signature="afterMethod()[pri:0, instance:com.CapstoneProject.CapstoneProject.search@6b0d80ed]" started-at="2024-06-16T18:21:34 IST" name="afterMethod" finished-at="2024-06-16T18:21:34 IST" duration-ms="353" status="PASS">
          <reporter-output>
          </reporter-output>
        </test-method> <!-- afterMethod -->
        <test-method signature="sendkeys()[pri:1, instance:com.CapstoneProject.CapstoneProject.search@6b0d80ed]" started-at="2024-06-16T18:21:34 IST" name="sendkeys" finished-at="2024-06-16T18:21:37 IST" duration-ms="2940" status="PASS">
          <reporter-output>
          </reporter-output>
        </test-method> <!-- sendkeys -->
        <test-method is-config="true" signature="beforeMethod()[pri:0, instance:com.CapstoneProject.CapstoneProject.search@6b0d80ed]" started-at="2024-06-16T18:21:34 IST" name="beforeMethod" finished-at="2024-06-16T18:21:34 IST" duration-ms="0" status="PASS">
          <reporter-output>
          </reporter-output>
        </test-method> <!-- beforeMethod -->
        <test-method is-config="true" signature="afterMethod()[pri:0, instance:com.CapstoneProject.CapstoneProject.search@6b0d80ed]" started-at="2024-06-16T18:21:37 IST" name="afterMethod" finished-at="2024-06-16T18:21:37 IST" duration-ms="31" status="PASS">
          <reporter-output>
          </reporter-output>
        </test-method> <!-- afterMethod -->
        <test-method signature="search()[pri:2, instance:com.CapstoneProject.CapstoneProject.search@6b0d80ed]" started-at="2024-06-16T18:21:37 IST" name="search" finished-at="2024-06-16T18:21:51 IST" duration-ms="13588" status="PASS">
          <reporter-output>
          </reporter-output>
        </test-method> <!-- search -->
        <test-method is-config="true" signature="beforeMethod()[pri:0, instance:com.CapstoneProject.CapstoneProject.search@6b0d80ed]" started-at="2024-06-16T18:21:37 IST" name="beforeMethod" finished-at="2024-06-16T18:21:37 IST" duration-ms="0" status="PASS">
          <reporter-output>
          </reporter-output>
        </test-method> <!-- beforeMethod -->
        <test-method is-config="true" signature="afterMethod()[pri:0, instance:com.CapstoneProject.CapstoneProject.search@6b0d80ed]" started-at="2024-06-16T18:21:51 IST" name="afterMethod" finished-at="2024-06-16T18:21:51 IST" duration-ms="57" status="PASS">
          <reporter-output>
          </reporter-output>
        </test-method> <!-- afterMethod -->
        <test-method signature="validsearch()[pri:3, instance:com.CapstoneProject.CapstoneProject.search@6b0d80ed]" started-at="2024-06-16T18:21:51 IST" name="validsearch" finished-at="2024-06-16T18:21:52 IST" duration-ms="911" status="PASS">
          <reporter-output>
          </reporter-output>
        </test-method> <!-- validsearch -->
        <test-method is-config="true" signature="beforeMethod()[pri:0, instance:com.CapstoneProject.CapstoneProject.search@6b0d80ed]" started-at="2024-06-16T18:21:51 IST" name="beforeMethod" finished-at="2024-06-16T18:21:51 IST" duration-ms="0" status="PASS">
          <reporter-output>
          </reporter-output>
        </test-method> <!-- beforeMethod -->
        <test-method is-config="true" signature="afterMethod()[pri:0, instance:com.CapstoneProject.CapstoneProject.search@6b0d80ed]" started-at="2024-06-16T18:21:52 IST" name="afterMethod" finished-at="2024-06-16T18:21:52 IST" duration-ms="17" status="PASS">
          <reporter-output>
          </reporter-output>
        </test-method> <!-- afterMethod -->
        <test-method signature="emptysearch()[pri:4, instance:com.CapstoneProject.CapstoneProject.search@6b0d80ed]" started-at="2024-06-16T18:21:52 IST" name="emptysearch" finished-at="2024-06-16T18:22:05 IST" duration-ms="12879" status="PASS">
          <reporter-output>
          </reporter-output>
        </test-method> <!-- emptysearch -->
        <test-method is-config="true" signature="beforeMethod()[pri:0, instance:com.CapstoneProject.CapstoneProject.search@6b0d80ed]" started-at="2024-06-16T18:21:52 IST" name="beforeMethod" finished-at="2024-06-16T18:21:52 IST" duration-ms="0" status="PASS">
          <reporter-output>
          </reporter-output>
        </test-method> <!-- beforeMethod -->
        <test-method is-config="true" signature="afterMethod()[pri:0, instance:com.CapstoneProject.CapstoneProject.search@6b0d80ed]" started-at="2024-06-16T18:22:05 IST" name="afterMethod" finished-at="2024-06-16T18:22:05 IST" duration-ms="30" status="PASS">
          <reporter-output>
          </reporter-output>
        </test-method> <!-- afterMethod -->
        <test-method signature="invalidsearch()[pri:5, instance:com.CapstoneProject.CapstoneProject.search@6b0d80ed]" started-at="2024-06-16T18:22:05 IST" name="invalidsearch" finished-at="2024-06-16T18:22:16 IST" duration-ms="10933" status="PASS">
          <reporter-output>
          </reporter-output>
        </test-method> <!-- invalidsearch -->
        <test-method is-config="true" signature="beforeMethod()[pri:0, instance:com.CapstoneProject.CapstoneProject.search@6b0d80ed]" started-at="2024-06-16T18:22:05 IST" name="beforeMethod" finished-at="2024-06-16T18:22:05 IST" duration-ms="0" status="PASS">
          <reporter-output>
          </reporter-output>
        </test-method> <!-- beforeMethod -->
        <test-method is-config="true" signature="afterMethod()[pri:0, instance:com.CapstoneProject.CapstoneProject.search@6b0d80ed]" started-at="2024-06-16T18:22:16 IST" name="afterMethod" finished-at="2024-06-16T18:22:16 IST" duration-ms="29" status="PASS">
          <reporter-output>
          </reporter-output>
        </test-method> <!-- afterMethod -->
        <test-method is-config="true" signature="close()[pri:0, instance:com.CapstoneProject.CapstoneProject.search@6b0d80ed]" started-at="2024-06-16T18:22:16 IST" name="close" finished-at="2024-06-16T18:22:16 IST" duration-ms="374" status="PASS">
          <reporter-output>
          </reporter-output>
        </test-method> <!-- close -->
      </class> <!-- com.CapstoneProject.CapstoneProject.search -->
    </test> <!-- Default test -->
  </suite> <!-- Default suite -->
</testng-results>
