<?xml version="1.0" encoding="UTF-8"?>
<!-- Generated by org.testng.reporters.JUnitXMLReporter -->
<testsuite ignored="0" hostname="LAPTOP-O3UEKIHS" failures="0" tests="16" name="Test" time="428.82" errors="0" timestamp="2024-06-20T10:12:12 IST">
  <testcase classname="com.CapstoneProject.CapstoneProject.login" name="testEmptyusernameandpassword" time="8.869"/>
  <testcase classname="com.CapstoneProject.CapstoneProject.login" name="testInvalidUsernameandpassword" time="8.205"/>
  <testcase classname="com.CapstoneProject.CapstoneProject.login" name="testLogin" time="9.807"/>
  <testcase classname="com.CapstoneProject.CapstoneProject.register" name="testRegistration" time="20.692"/>
  <testcase classname="com.CapstoneProject.CapstoneProject.register" name="testRegistration" time="10.075"/>
  <testcase classname="com.CapstoneProject.CapstoneProject.accountdetails" name="testLoginAndViewAccountDetails" time="8.949"/>
  <testcase classname="com.CapstoneProject.CapstoneProject.homepage" name="navigateJPetStore" time="67.774"/>
  <testcase classname="com.CapstoneProject.CapstoneProject.productdetails" name="testProductDetails" time="63.96"/>
  <testcase classname="com.CapstoneProject.CapstoneProject.search" name="findsearchbox" time="2.879"/>
  <testcase classname="com.CapstoneProject.CapstoneProject.search" name="sendkeys" time="3.795"/>
  <testcase classname="com.CapstoneProject.CapstoneProject.search" name="search" time="14.047"/>
  <testcase classname="com.CapstoneProject.CapstoneProject.search" name="validsearch" time="1.128"/>
  <testcase classname="com.CapstoneProject.CapstoneProject.search" name="emptysearch" time="12.987"/>
  <testcase classname="com.CapstoneProject.CapstoneProject.search" name="invalidsearch" time="11.095"/>
  <testcase classname="cart.CartRunnerWrapper" name="runCart" time="95.808"/>
  <testcase classname="com.CapstoneProject.CapstoneProject.payment" name="testOrderProcess" time="22.229"/>
</testsuite> <!-- Test -->
