<?xml version="1.0" encoding="UTF-8"?>
<!-- Generated by org.testng.reporters.JUnitXMLReporter -->
<testsuite ignored="0" hostname="LAPTOP-O3UEKIHS" failures="0" tests="6" name="Default test" time="58.994" errors="0" timestamp="2024-06-16T17:18:32 IST">
  <testcase classname="com.CapstoneProject.CapstoneProject.search" name="findsearchbox" time="6.731"/>
  <testcase classname="com.CapstoneProject.CapstoneProject.search" name="sendkeys" time="3.772"/>
  <testcase classname="com.CapstoneProject.CapstoneProject.search" name="search" time="19.622"/>
  <testcase classname="com.CapstoneProject.CapstoneProject.search" name="validsearch" time="1.341"/>
  <testcase classname="com.CapstoneProject.CapstoneProject.search" name="emptysearch" time="13.307"/>
  <testcase classname="com.CapstoneProject.CapstoneProject.search" name="invalidsearch" time="11.461"/>
</testsuite> <!-- Default test -->
