<?xml version="1.0" encoding="UTF-8"?>
<!-- Generated by org.testng.reporters.JUnitXMLReporter -->
<testsuite ignored="0" hostname="LAPTOP-O3UEKIHS" failures="0" tests="2" name="Default test" time="42.073" errors="0" timestamp="2024-06-17T08:21:05 IST">
  <testcase classname="com.CapstoneProject.CapstoneProject.register" name="registerNewUser" time="10.009"/>
  <testcase classname="com.CapstoneProject.CapstoneProject.register" name="invalidRegistration" time="20.738"/>
</testsuite> <!-- Default test -->
