<?xml version="1.0" encoding="UTF-8"?>
<testng-results ignored="0" total="1" passed="1" failed="0" skipped="0">
  <reporter-output>
  </reporter-output>
  <suite started-at="2024-06-18T12:18:07 IST" name="Surefire suite" finished-at="2024-06-18T12:18:07 IST" duration-ms="42">
    <groups>
    </groups>
    <test started-at="2024-06-18T12:18:07 IST" name="Surefire test" finished-at="2024-06-18T12:18:07 IST" duration-ms="42">
      <class name="com.CapstoneProject.CapstoneProject.AppTest">
        <test-method signature="testApp()[pri:0, instance:testApp(com.CapstoneProject.CapstoneProject.AppTest)]" started-at="2024-06-18T12:18:07 IST" name="testApp" finished-at="2024-06-18T12:18:07 IST" duration-ms="2" status="PASS">
          <reporter-output>
          </reporter-output>
        </test-method> <!-- testApp -->
      </class> <!-- com.CapstoneProject.CapstoneProject.AppTest -->
    </test> <!-- Surefire test -->
  </suite> <!-- Surefire suite -->
</testng-results>
